<?xml version="1.0" encoding="UTF-8"?>
<testng-results ignored="0" total="1" passed="1" failed="0" skipped="0">
  <reporter-output>
  </reporter-output>
  <suite started-at="2024-01-30T18:14:13 IST" name="Default suite" finished-at="2024-01-30T18:14:26 IST" duration-ms="12745">
    <groups>
    </groups>
    <test started-at="2024-01-30T18:14:13 IST" name="Default test" finished-at="2024-01-30T18:14:26 IST" duration-ms="12745">
      <class name="implementation.Update_User">
        <test-method is-config="true" signature="classSetUp()[pri:0, instance:implementation.Update_User@3270d194]" started-at="2024-01-30T18:14:13 IST" name="classSetUp" finished-at="2024-01-30T18:14:20 IST" duration-ms="6504" status="PASS">
          <reporter-output>
          </reporter-output>
        </test-method> <!-- classSetUp -->
        <test-method is-config="true" signature="methodSetup()[pri:0, instance:implementation.Update_User@3270d194]" started-at="2024-01-30T18:14:20 IST" name="methodSetup" finished-at="2024-01-30T18:14:23 IST" duration-ms="3370" status="PASS">
          <reporter-output>
          </reporter-output>
        </test-method> <!-- methodSetup -->
        <test-method signature="update_UserDetails()[pri:0, instance:implementation.Update_User@3270d194]" started-at="2024-01-30T18:14:23 IST" name="update_UserDetails" finished-at="2024-01-30T18:14:26 IST" duration-ms="2846" status="PASS">
          <reporter-output>
          </reporter-output>
        </test-method> <!-- update_UserDetails -->
      </class> <!-- implementation.Update_User -->
    </test> <!-- Default test -->
  </suite> <!-- Default suite -->
</testng-results>
